Performing C SOURCE FILE Test CMAKE_HAVE_LIBC_PTHREAD failed with the following output:
Change Dir: /mnt/d/slam/postgraduate/gde1smt1/CG/OpenGL/FireWorkSimulator/build/CMakeFiles/CMakeScratch/TryCompile-rY8AdB

Run Build Command(s):/usr/bin/make -f Makefile cmTC_74f07/fast && /usr/bin/make  -f CMakeFiles/cmTC_74f07.dir/build.make CMakeFiles/cmTC_74f07.dir/build
make[1]: Entering directory '/mnt/d/slam/postgraduate/gde1smt1/CG/OpenGL/FireWorkSimulator/build/CMakeFiles/CMakeScratch/TryCompile-rY8AdB'
Building C object CMakeFiles/cmTC_74f07.dir/src.c.o
/usr/bin/cc -DCMAKE_HAVE_LIBC_PTHREAD   -o CMakeFiles/cmTC_74f07.dir/src.c.o -c /mnt/d/slam/postgraduate/gde1smt1/CG/OpenGL/FireWorkSimulator/build/CMakeFiles/CMakeScratch/TryCompile-rY8AdB/src.c
Linking C executable cmTC_74f07
/home/thefrogignotus/miniconda3/envs/f2nerf/lib/python3.8/site-packages/cmake/data/bin/cmake -E cmake_link_script CMakeFiles/cmTC_74f07.dir/link.txt --verbose=1
/usr/bin/cc -rdynamic CMakeFiles/cmTC_74f07.dir/src.c.o -o cmTC_74f07 
CMakeFiles/cmTC_74f07.dir/src.c.o: In function `main':
src.c:(.text+0x3e): undefined reference to `pthread_create'
src.c:(.text+0x4a): undefined reference to `pthread_detach'
src.c:(.text+0x56): undefined reference to `pthread_cancel'
src.c:(.text+0x67): undefined reference to `pthread_join'
src.c:(.text+0x7b): undefined reference to `pthread_atfork'
collect2: error: ld returned 1 exit status
CMakeFiles/cmTC_74f07.dir/build.make:98: recipe for target 'cmTC_74f07' failed
make[1]: *** [cmTC_74f07] Error 1
make[1]: Leaving directory '/mnt/d/slam/postgraduate/gde1smt1/CG/OpenGL/FireWorkSimulator/build/CMakeFiles/CMakeScratch/TryCompile-rY8AdB'
Makefile:127: recipe for target 'cmTC_74f07/fast' failed
make: *** [cmTC_74f07/fast] Error 2


Source file was:
#include <pthread.h>

static void* test_func(void* data)
{
  return data;
}

int main(void)
{
  pthread_t thread;
  pthread_create(&thread, NULL, test_func, NULL);
  pthread_detach(thread);
  pthread_cancel(thread);
  pthread_join(thread, NULL);
  pthread_atfork(NULL, NULL, NULL);
  pthread_exit(NULL);

  return 0;
}


Determining if the function pthread_create exists in the pthreads failed with the following output:
Change Dir: /mnt/d/slam/postgraduate/gde1smt1/CG/OpenGL/FireWorkSimulator/build/CMakeFiles/CMakeScratch/TryCompile-xYUnFF

Run Build Command(s):/usr/bin/make -f Makefile cmTC_82ac5/fast && /usr/bin/make  -f CMakeFiles/cmTC_82ac5.dir/build.make CMakeFiles/cmTC_82ac5.dir/build
make[1]: Entering directory '/mnt/d/slam/postgraduate/gde1smt1/CG/OpenGL/FireWorkSimulator/build/CMakeFiles/CMakeScratch/TryCompile-xYUnFF'
Building C object CMakeFiles/cmTC_82ac5.dir/CheckFunctionExists.c.o
/usr/bin/cc   -DCHECK_FUNCTION_EXISTS=pthread_create -o CMakeFiles/cmTC_82ac5.dir/CheckFunctionExists.c.o -c /mnt/d/slam/postgraduate/gde1smt1/CG/OpenGL/FireWorkSimulator/build/CMakeFiles/CMakeScratch/TryCompile-xYUnFF/CheckFunctionExists.c
Linking C executable cmTC_82ac5
/home/thefrogignotus/miniconda3/envs/f2nerf/lib/python3.8/site-packages/cmake/data/bin/cmake -E cmake_link_script CMakeFiles/cmTC_82ac5.dir/link.txt --verbose=1
/usr/bin/cc  -DCHECK_FUNCTION_EXISTS=pthread_create -rdynamic CMakeFiles/cmTC_82ac5.dir/CheckFunctionExists.c.o -o cmTC_82ac5  -lpthreads 
/usr/bin/ld: cannot find -lpthreads
collect2: error: ld returned 1 exit status
CMakeFiles/cmTC_82ac5.dir/build.make:98: recipe for target 'cmTC_82ac5' failed
make[1]: *** [cmTC_82ac5] Error 1
make[1]: Leaving directory '/mnt/d/slam/postgraduate/gde1smt1/CG/OpenGL/FireWorkSimulator/build/CMakeFiles/CMakeScratch/TryCompile-xYUnFF'
Makefile:127: recipe for target 'cmTC_82ac5/fast' failed
make: *** [cmTC_82ac5/fast] Error 2



